e:\work in progress\cinematik\citygen\citygen\citygen.lib
e:\work in progress\cinematik\citygen\citygen\citygen.exp
e:\work in progress\cinematik\citygen\citygen\x64\release\vc120.pdb
e:\work in progress\cinematik\citygen\citygen\x64\release\utils.obj
e:\work in progress\cinematik\citygen\citygen\x64\release\transform.obj
e:\work in progress\cinematik\citygen\citygen\x64\release\mat4x4.obj
e:\work in progress\cinematik\citygen\citygen\x64\release\mesh.obj
e:\work in progress\cinematik\citygen\citygen\x64\release\symbol.obj
e:\work in progress\cinematik\citygen\citygen\x64\release\trianglesymbol.obj
e:\work in progress\cinematik\citygen\citygen\x64\release\quadranglesymbol.obj
e:\work in progress\cinematik\citygen\citygen\x64\release\toit.obj
e:\work in progress\cinematik\citygen\citygen\x64\release\rdc.obj
e:\work in progress\cinematik\citygen\citygen\x64\release\etagecircle.obj
e:\work in progress\cinematik\citygen\citygen\x64\release\etage.obj
e:\work in progress\cinematik\citygen\citygen\x64\release\triangle.obj
e:\work in progress\cinematik\citygen\citygen\x64\release\quadrangle.obj
e:\work in progress\cinematik\citygen\citygen\x64\release\pentagone.obj
e:\work in progress\cinematik\citygen\citygen\x64\release\hexagone.obj
e:\work in progress\cinematik\citygen\citygen\x64\release\geometry.obj
e:\work in progress\cinematik\citygen\citygen\x64\release\circle.obj
e:\work in progress\cinematik\citygen\citygen\x64\release\citymesh.obj
e:\work in progress\cinematik\citygen\citygen\x64\release\citycpplibrary.obj
e:\work in progress\cinematik\assets\citygen\citygen.dll
e:\work in progress\cinematik\citygen\citygen\..\..\assets\citygen\citygen.dll
e:\work in progress\cinematik\citygen\citygen\x64\release\citygen.tlog\citygen.write.1u.tlog
e:\work in progress\cinematik\citygen\citygen\x64\release\citygen.tlog\cl.command.1.tlog
e:\work in progress\cinematik\citygen\citygen\x64\release\citygen.tlog\cl.read.1.tlog
e:\work in progress\cinematik\citygen\citygen\x64\release\citygen.tlog\cl.write.1.tlog
e:\work in progress\cinematik\citygen\citygen\x64\release\citygen.tlog\link.command.1.tlog
e:\work in progress\cinematik\citygen\citygen\x64\release\citygen.tlog\link.read.1.tlog
e:\work in progress\cinematik\citygen\citygen\x64\release\citygen.tlog\link.write.1.tlog
