d:\cinematik\terraingen\terraingen\x64\debug\vc120.pdb
d:\cinematik\terraingen\terraingen\x64\debug\vc120.idb
d:\cinematik\terraingen\terraingen\x64\debug\bbox.obj
d:\cinematik\terraingen\terraingen\x64\debug\ray.obj
d:\cinematik\terraingen\terraingen\x64\debug\noise.obj
d:\cinematik\terraingen\terraingen\x64\debug\cube.obj
d:\cinematik\terraingen\terraingen\x64\debug\mesh.obj
d:\cinematik\terraingen\terraingen\x64\debug\shapes.obj
d:\cinematik\terraingen\terraingen\x64\debug\sphere.obj
d:\cinematik\terraingen\terraingen\x64\debug\triangle.obj
d:\cinematik\terraingen\terraingen\x64\debug\terraincpplibrary.obj
d:\cinematik\terraingen\terraingen\x64\debug\terrain.obj
d:\cinematik\terraingen\terraingen\x64\debug\terrainfractal.obj
d:\cinematik\assets\terraingen\terraingen.dll
d:\cinematik\terraingen\terraingen\terraingen.lib
d:\cinematik\terraingen\terraingen\terraingen.exp
d:\cinematik\terraingen\terraingen\..\..\assets\terraingen\terraingen.dll
d:\cinematik\terraingen\terraingen\x64\debug\terraingen.tlog\cl.command.1.tlog
d:\cinematik\terraingen\terraingen\x64\debug\terraingen.tlog\cl.read.1.tlog
d:\cinematik\terraingen\terraingen\x64\debug\terraingen.tlog\cl.write.1.tlog
d:\cinematik\terraingen\terraingen\x64\debug\terraingen.tlog\link.command.1.tlog
d:\cinematik\terraingen\terraingen\x64\debug\terraingen.tlog\link.read.1.tlog
d:\cinematik\terraingen\terraingen\x64\debug\terraingen.tlog\link.write.1.tlog
d:\cinematik\terraingen\terraingen\x64\debug\terraingen.tlog\terraingen.write.1u.tlog
