e:\work in progress\cinematik\terraingen\terraingen\x64\release\vc120.pdb
e:\work in progress\cinematik\terraingen\terraingen\x64\release\terrainfractal.obj
e:\work in progress\cinematik\terraingen\terraingen\x64\release\terrain.obj
e:\work in progress\cinematik\terraingen\terraingen\x64\release\terrainmesh.obj
e:\work in progress\cinematik\terraingen\terraingen\x64\release\terraincpplibrary.obj
e:\work in progress\cinematik\terraingen\terraingen\x64\release\triangle.obj
e:\work in progress\cinematik\terraingen\terraingen\x64\release\sphere.obj
e:\work in progress\cinematik\terraingen\terraingen\x64\release\shapes.obj
e:\work in progress\cinematik\terraingen\terraingen\x64\release\mesh.obj
e:\work in progress\cinematik\terraingen\terraingen\x64\release\cube.obj
e:\work in progress\cinematik\terraingen\terraingen\x64\release\noise.obj
e:\work in progress\cinematik\terraingen\terraingen\x64\release\ray.obj
e:\work in progress\cinematik\terraingen\terraingen\x64\release\bbox.obj
e:\work in progress\cinematik\assets\terraingen\terraingen.dll
e:\work in progress\cinematik\terraingen\terraingen\terraingen.lib
e:\work in progress\cinematik\terraingen\terraingen\terraingen.exp
e:\work in progress\cinematik\terraingen\terraingen\..\..\assets\terraingen\terraingen.dll
e:\work in progress\cinematik\terraingen\terraingen\x64\release\terraingen.tlog\cl.command.1.tlog
e:\work in progress\cinematik\terraingen\terraingen\x64\release\terraingen.tlog\cl.read.1.tlog
e:\work in progress\cinematik\terraingen\terraingen\x64\release\terraingen.tlog\cl.write.1.tlog
e:\work in progress\cinematik\terraingen\terraingen\x64\release\terraingen.tlog\link.command.1.tlog
e:\work in progress\cinematik\terraingen\terraingen\x64\release\terraingen.tlog\link.read.1.tlog
e:\work in progress\cinematik\terraingen\terraingen\x64\release\terraingen.tlog\link.write.1.tlog
e:\work in progress\cinematik\terraingen\terraingen\x64\release\terraingen.tlog\terraingen.write.1u.tlog
